TpTrace Verbose: 0 : 34652, 1, 2021/12/06, 22:31:51.362, 4367351117609, vstest.console.dll, Version: 17.0.0
TpTrace Information: 0 : 34652, 1, 2021/12/06, 22:31:51.371, 4367351190234, vstest.console.dll, FilePatternParser: The given file D:\University\2 year\OOP\LW_2_10\LW_2_10Tests\bin\Debug\net5.0\fine-code-coverage\build-output\LW_2_10Tests.dll is a full path.
TpTrace Verbose: 0 : 34652, 1, 2021/12/06, 22:31:51.375, 4367351228497, vstest.console.dll, TestPluginCache.DiscoverTestExtensions: finding test extensions in assemblies ends with: RuntimeProvider.dll TPluginInfo: Microsoft.VisualStudio.TestPlatform.Common.ExtensionFramework.Utilities.TestRuntimePluginInformation TExtension: Microsoft.VisualStudio.TestPlatform.ObjectModel.Host.ITestRuntimeProvider
TpTrace Verbose: 0 : 34652, 1, 2021/12/06, 22:31:51.376, 4367351232870, vstest.console.dll, TestPluginCache.GetExtensionPaths: Filtered extension paths: 
TpTrace Verbose: 0 : 34652, 1, 2021/12/06, 22:31:51.376, 4367351233679, vstest.console.dll, TestPluginCache.GetExtensionPaths: Added default extension paths: C:\Program Files\dotnet\sdk\6.0.100\Extensions\Microsoft.Diagnostics.NETCore.Client.dll
C:\Program Files\dotnet\sdk\6.0.100\Extensions\Microsoft.TestPlatform.Extensions.BlameDataCollector.dll
C:\Program Files\dotnet\sdk\6.0.100\Extensions\Microsoft.TestPlatform.Extensions.EventLogCollector.dll
C:\Program Files\dotnet\sdk\6.0.100\Extensions\Microsoft.TestPlatform.TestHostRuntimeProvider.dll
C:\Program Files\dotnet\sdk\6.0.100\Extensions\Microsoft.VisualStudio.TestPlatform.Extensions.Html.TestLogger.dll
C:\Program Files\dotnet\sdk\6.0.100\Extensions\Microsoft.VisualStudio.TestPlatform.Extensions.Trx.TestLogger.dll
TpTrace Verbose: 0 : 34652, 1, 2021/12/06, 22:31:51.376, 4367351233985, vstest.console.dll, TestPluginCache.GetExtensionPaths: Added unfilterableExtensionPaths: 
TpTrace Information: 0 : 34652, 1, 2021/12/06, 22:31:51.377, 4367351242262, vstest.console.dll, AssemblyResolver.ctor: Creating AssemblyResolver with searchDirectories C:\Program Files\dotnet\sdk\6.0.100\Extensions,C:\Program Files\dotnet\sdk\6.0.100
TpTrace Verbose: 0 : 34652, 1, 2021/12/06, 22:31:51.378, 4367351252724, vstest.console.dll, TestPluginCache.DiscoverTestExtensions: Discovering the extensions using extension path.
TpTrace Verbose: 0 : 34652, 1, 2021/12/06, 22:31:51.378, 4367351254638, vstest.console.dll, TestPluginCache.GetExtensionPaths: Filtered extension paths: 
TpTrace Verbose: 0 : 34652, 1, 2021/12/06, 22:31:51.378, 4367351255064, vstest.console.dll, TestPluginCache.GetExtensionPaths: Added default extension paths: C:\Program Files\dotnet\sdk\6.0.100\Extensions\Microsoft.Diagnostics.NETCore.Client.dll
C:\Program Files\dotnet\sdk\6.0.100\Extensions\Microsoft.TestPlatform.Extensions.BlameDataCollector.dll
C:\Program Files\dotnet\sdk\6.0.100\Extensions\Microsoft.TestPlatform.Extensions.EventLogCollector.dll
C:\Program Files\dotnet\sdk\6.0.100\Extensions\Microsoft.TestPlatform.TestHostRuntimeProvider.dll
C:\Program Files\dotnet\sdk\6.0.100\Extensions\Microsoft.VisualStudio.TestPlatform.Extensions.Html.TestLogger.dll
C:\Program Files\dotnet\sdk\6.0.100\Extensions\Microsoft.VisualStudio.TestPlatform.Extensions.Trx.TestLogger.dll
TpTrace Verbose: 0 : 34652, 1, 2021/12/06, 22:31:51.378, 4367351255394, vstest.console.dll, TestPluginCache.GetExtensionPaths: Added unfilterableExtensionPaths: 
TpTrace Verbose: 0 : 34652, 1, 2021/12/06, 22:31:51.378, 4367351255938, vstest.console.dll, TestPluginCache.DiscoverTestExtensions: Discovering the extensions using allExtensionPaths: C:\Program Files\dotnet\sdk\6.0.100\Extensions\Microsoft.Diagnostics.NETCore.Client.dll
C:\Program Files\dotnet\sdk\6.0.100\Extensions\Microsoft.TestPlatform.Extensions.BlameDataCollector.dll
C:\Program Files\dotnet\sdk\6.0.100\Extensions\Microsoft.TestPlatform.Extensions.EventLogCollector.dll
C:\Program Files\dotnet\sdk\6.0.100\Extensions\Microsoft.TestPlatform.TestHostRuntimeProvider.dll
C:\Program Files\dotnet\sdk\6.0.100\Extensions\Microsoft.VisualStudio.TestPlatform.Extensions.Html.TestLogger.dll
C:\Program Files\dotnet\sdk\6.0.100\Extensions\Microsoft.VisualStudio.TestPlatform.Extensions.Trx.TestLogger.dll
TpTrace Information: 0 : 34652, 1, 2021/12/06, 22:31:51.378, 4367351257618, vstest.console.dll, AssemblyResolver.AddSearchDirectories: Adding more searchDirectories C:\Program Files\dotnet\sdk\6.0.100\Extensions,C:\Program Files\dotnet\sdk\6.0.100
TpTrace Information: 0 : 34652, 1, 2021/12/06, 22:31:51.378, 4367351258161, vstest.console.dll, AssemblyResolver.AddSearchDirectories: Adding more searchDirectories C:\Program Files\dotnet\sdk\6.0.100\Extensions,C:\Program Files\dotnet\sdk\6.0.100
TpTrace Information: 0 : 34652, 1, 2021/12/06, 22:31:51.378, 4367351258531, vstest.console.dll, AssemblyResolver.AddSearchDirectories: Adding more searchDirectories C:\Program Files\dotnet\sdk\6.0.100\Extensions,C:\Program Files\dotnet\sdk\6.0.100
TpTrace Information: 0 : 34652, 1, 2021/12/06, 22:31:51.378, 4367351258922, vstest.console.dll, AssemblyResolver.AddSearchDirectories: Adding more searchDirectories C:\Program Files\dotnet\sdk\6.0.100\Extensions,C:\Program Files\dotnet\sdk\6.0.100
TpTrace Information: 0 : 34652, 1, 2021/12/06, 22:31:51.378, 4367351259164, vstest.console.dll, AssemblyResolver.AddSearchDirectories: Adding more searchDirectories C:\Program Files\dotnet\sdk\6.0.100\Extensions,C:\Program Files\dotnet\sdk\6.0.100
TpTrace Information: 0 : 34652, 1, 2021/12/06, 22:31:51.378, 4367351259548, vstest.console.dll, AssemblyResolver.AddSearchDirectories: Adding more searchDirectories C:\Program Files\dotnet\sdk\6.0.100\Extensions,C:\Program Files\dotnet\sdk\6.0.100
TpTrace Information: 0 : 34652, 1, 2021/12/06, 22:31:51.379, 4367351263186, vstest.console.dll, AssemblyResolver.OnResolve: Microsoft.Diagnostics.NETCore.Client: Resolving assembly.
TpTrace Information: 0 : 34652, 1, 2021/12/06, 22:31:51.379, 4367351263991, vstest.console.dll, AssemblyResolver.OnResolve: Microsoft.Diagnostics.NETCore.Client: Searching in: 'C:\Program Files\dotnet\sdk\6.0.100\Extensions'.
TpTrace Information: 0 : 34652, 1, 2021/12/06, 22:31:51.379, 4367351267297, vstest.console.dll, AssemblyResolver.OnResolve: Microsoft.Diagnostics.NETCore.Client: Loading assembly 'C:\Program Files\dotnet\sdk\6.0.100\Extensions\Microsoft.Diagnostics.NETCore.Client.dll'.
TpTrace Information: 0 : 34652, 1, 2021/12/06, 22:31:51.379, 4367351271730, vstest.console.dll, AssemblyResolver.OnResolve: Resolved assembly: Microsoft.Diagnostics.NETCore.Client, from path: C:\Program Files\dotnet\sdk\6.0.100\Extensions\Microsoft.Diagnostics.NETCore.Client.dll
TpTrace Information: 0 : 34652, 1, 2021/12/06, 22:31:51.384, 4367351319361, vstest.console.dll, AssemblyResolver.OnResolve: Microsoft.Bcl.AsyncInterfaces: Resolving assembly.
TpTrace Information: 0 : 34652, 1, 2021/12/06, 22:31:51.384, 4367351320256, vstest.console.dll, AssemblyResolver.OnResolve: Microsoft.Bcl.AsyncInterfaces: Searching in: 'C:\Program Files\dotnet\sdk\6.0.100\Extensions'.
TpTrace Information: 0 : 34652, 1, 2021/12/06, 22:31:51.384, 4367351321108, vstest.console.dll, AssemblyResolver.OnResolve: Microsoft.Bcl.AsyncInterfaces: Assembly path does not exist: 'C:\Program Files\dotnet\sdk\6.0.100\Extensions\Microsoft.Bcl.AsyncInterfaces.dll', returning.
TpTrace Information: 0 : 34652, 1, 2021/12/06, 22:31:51.384, 4367351321671, vstest.console.dll, AssemblyResolver.OnResolve: Microsoft.Bcl.AsyncInterfaces: Assembly path does not exist: 'C:\Program Files\dotnet\sdk\6.0.100\Extensions\Microsoft.Bcl.AsyncInterfaces.exe', returning.
TpTrace Information: 0 : 34652, 1, 2021/12/06, 22:31:51.384, 4367351321911, vstest.console.dll, AssemblyResolver.OnResolve: Microsoft.Bcl.AsyncInterfaces: Searching in: 'C:\Program Files\dotnet\sdk\6.0.100'.
TpTrace Information: 0 : 34652, 1, 2021/12/06, 22:31:51.385, 4367351322583, vstest.console.dll, AssemblyResolver.OnResolve: Microsoft.Bcl.AsyncInterfaces: Assembly path does not exist: 'C:\Program Files\dotnet\sdk\6.0.100\Microsoft.Bcl.AsyncInterfaces.dll', returning.
TpTrace Information: 0 : 34652, 1, 2021/12/06, 22:31:51.385, 4367351323084, vstest.console.dll, AssemblyResolver.OnResolve: Microsoft.Bcl.AsyncInterfaces: Assembly path does not exist: 'C:\Program Files\dotnet\sdk\6.0.100\Microsoft.Bcl.AsyncInterfaces.exe', returning.
TpTrace Information: 0 : 34652, 1, 2021/12/06, 22:31:51.385, 4367351323786, vstest.console.dll, AssemblyResolver.OnResolve: Microsoft.Bcl.AsyncInterfaces: Failed to load assembly.
TpTrace Verbose: 0 : 34652, 1, 2021/12/06, 22:31:51.385, 4367351324205, vstest.console.dll, CurrentDomainAssemblyResolve: Resolving assembly 'Microsoft.Bcl.AsyncInterfaces'.
TpTrace Information: 0 : 34652, 1, 2021/12/06, 22:31:51.385, 4367351324821, vstest.console.dll, AssemblyResolver.OnResolve: Microsoft.Bcl.AsyncInterfaces: Resolving assembly.
TpTrace Information: 0 : 34652, 1, 2021/12/06, 22:31:51.385, 4367351325161, vstest.console.dll, AssemblyResolver.OnResolve: Microsoft.Bcl.AsyncInterfaces: Resolved from cache.
TpTrace Verbose: 0 : 34652, 1, 2021/12/06, 22:31:51.385, 4367351325409, vstest.console.dll, CurrentDomainAssemblyResolve: Resolving assembly 'Microsoft.Bcl.AsyncInterfaces'.
TpTrace Verbose: 0 : 34652, 1, 2021/12/06, 22:31:51.385, 4367351325716, vstest.console.dll, CurrentDomainAssemblyResolve: Failed to resolve assembly 'Microsoft.Bcl.AsyncInterfaces'.
TpTrace Verbose: 0 : 34652, 1, 2021/12/06, 22:31:51.385, 4367351328869, vstest.console.dll, CurrentDomainAssemblyResolve: Failed to resolve assembly 'Microsoft.Bcl.AsyncInterfaces'.
TpTrace Warning: 0 : 34652, 1, 2021/12/06, 22:31:51.396, 4367351438718, vstest.console.dll, TestPluginDiscoverer: Failed to get types from assembly 'Microsoft.Diagnostics.NETCore.Client, Version=0.2.4.21401, Culture=neutral, PublicKeyToken=31bf3856ad364e35'.  Skipping test extension scan for this assembly.  Error: System.Reflection.ReflectionTypeLoadException: Unable to load one or more of the requested types.
Could not load file or assembly 'Microsoft.Bcl.AsyncInterfaces, Version=1.0.0.0, Culture=neutral, PublicKeyToken=cc7b13ffcd2ddd51'. Не удается найти указанный файл.
   at System.Reflection.RuntimeModule.GetTypes(RuntimeModule module)
   at System.Reflection.Assembly.GetTypes()
   at Microsoft.VisualStudio.TestPlatform.Common.ExtensionFramework.TestPluginDiscoverer.GetTestExtensionsFromAssembly[TPluginInfo,TExtension](Assembly assembly, Dictionary`2 pluginInfos)
System.IO.FileNotFoundException: Could not load file or assembly 'Microsoft.Bcl.AsyncInterfaces, Version=1.0.0.0, Culture=neutral, PublicKeyToken=cc7b13ffcd2ddd51'. Не удается найти указанный файл.
File name: 'Microsoft.Bcl.AsyncInterfaces, Version=1.0.0.0, Culture=neutral, PublicKeyToken=cc7b13ffcd2ddd51'
 ---> System.IO.FileNotFoundException: Could not load file or assembly 'Microsoft.Bcl.AsyncInterfaces, Culture=neutral, PublicKeyToken=null'. Не удается найти указанный файл.
File name: 'Microsoft.Bcl.AsyncInterfaces, Culture=neutral, PublicKeyToken=null'
   at System.Reflection.RuntimeAssembly.InternalLoad(ObjectHandleOnStack assemblyName, ObjectHandleOnStack requestingAssembly, StackCrawlMarkHandle stackMark, Boolean throwOnFileNotFound, ObjectHandleOnStack assemblyLoadContext, ObjectHandleOnStack retAssembly)
   at System.Reflection.RuntimeAssembly.InternalLoad(AssemblyName assemblyName, RuntimeAssembly requestingAssembly, StackCrawlMark& stackMark, Boolean throwOnFileNotFound, AssemblyLoadContext assemblyLoadContext)
   at System.Reflection.Assembly.Load(AssemblyName assemblyRef)
   at Microsoft.VisualStudio.TestPlatform.Common.ExtensionFramework.TestPluginCache.CurrentDomainAssemblyResolve(Object sender, AssemblyResolveEventArgs args)
   at Microsoft.VisualStudio.TestPlatform.PlatformAbstractions.PlatformAssemblyResolver.AssemblyResolverEvent(Object sender, Object eventArgs)
   at System.Runtime.Loader.AssemblyLoadContext.GetFirstResolvedAssemblyFromResolvingEvent(AssemblyName assemblyName)
   at System.Runtime.Loader.AssemblyLoadContext.ResolveUsingEvent(AssemblyName assemblyName)
   at System.Runtime.Loader.AssemblyLoadContext.ResolveUsingResolvingEvent(IntPtr gchManagedAssemblyLoadContext, AssemblyName assemblyName)
TpTrace Warning: 0 : 34652, 1, 2021/12/06, 22:31:51.396, 4367351440415, vstest.console.dll, LoaderExceptions: System.IO.FileNotFoundException: Could not load file or assembly 'Microsoft.Bcl.AsyncInterfaces, Version=1.0.0.0, Culture=neutral, PublicKeyToken=cc7b13ffcd2ddd51'. Не удается найти указанный файл.
File name: 'Microsoft.Bcl.AsyncInterfaces, Version=1.0.0.0, Culture=neutral, PublicKeyToken=cc7b13ffcd2ddd51'
 ---> System.IO.FileNotFoundException: Could not load file or assembly 'Microsoft.Bcl.AsyncInterfaces, Culture=neutral, PublicKeyToken=null'. Не удается найти указанный файл.
File name: 'Microsoft.Bcl.AsyncInterfaces, Culture=neutral, PublicKeyToken=null'
   at System.Reflection.RuntimeAssembly.InternalLoad(ObjectHandleOnStack assemblyName, ObjectHandleOnStack requestingAssembly, StackCrawlMarkHandle stackMark, Boolean throwOnFileNotFound, ObjectHandleOnStack assemblyLoadContext, ObjectHandleOnStack retAssembly)
   at System.Reflection.RuntimeAssembly.InternalLoad(AssemblyName assemblyName, RuntimeAssembly requestingAssembly, StackCrawlMark& stackMark, Boolean throwOnFileNotFound, AssemblyLoadContext assemblyLoadContext)
   at System.Reflection.Assembly.Load(AssemblyName assemblyRef)
   at Microsoft.VisualStudio.TestPlatform.Common.ExtensionFramework.TestPluginCache.CurrentDomainAssemblyResolve(Object sender, AssemblyResolveEventArgs args)
   at Microsoft.VisualStudio.TestPlatform.PlatformAbstractions.PlatformAssemblyResolver.AssemblyResolverEvent(Object sender, Object eventArgs)
   at System.Runtime.Loader.AssemblyLoadContext.GetFirstResolvedAssemblyFromResolvingEvent(AssemblyName assemblyName)
   at System.Runtime.Loader.AssemblyLoadContext.ResolveUsingEvent(AssemblyName assemblyName)
   at System.Runtime.Loader.AssemblyLoadContext.ResolveUsingResolvingEvent(IntPtr gchManagedAssemblyLoadContext, AssemblyName assemblyName)
TpTrace Information: 0 : 34652, 1, 2021/12/06, 22:31:51.396, 4367351441266, vstest.console.dll, AssemblyResolver.OnResolve: Microsoft.TestPlatform.Extensions.BlameDataCollector: Resolving assembly.
TpTrace Information: 0 : 34652, 1, 2021/12/06, 22:31:51.396, 4367351441589, vstest.console.dll, AssemblyResolver.OnResolve: Microsoft.TestPlatform.Extensions.BlameDataCollector: Searching in: 'C:\Program Files\dotnet\sdk\6.0.100\Extensions'.
TpTrace Information: 0 : 34652, 1, 2021/12/06, 22:31:51.397, 4367351443634, vstest.console.dll, AssemblyResolver.OnResolve: Microsoft.TestPlatform.Extensions.BlameDataCollector: Loading assembly 'C:\Program Files\dotnet\sdk\6.0.100\Extensions\Microsoft.TestPlatform.Extensions.BlameDataCollector.dll'.
TpTrace Information: 0 : 34652, 1, 2021/12/06, 22:31:51.397, 4367351448022, vstest.console.dll, AssemblyResolver.OnResolve: Resolved assembly: Microsoft.TestPlatform.Extensions.BlameDataCollector, from path: C:\Program Files\dotnet\sdk\6.0.100\Extensions\Microsoft.TestPlatform.Extensions.BlameDataCollector.dll
TpTrace Information: 0 : 34652, 1, 2021/12/06, 22:31:51.398, 4367351453989, vstest.console.dll, AssemblyResolver.OnResolve: Microsoft.TestPlatform.Extensions.EventLogCollector: Resolving assembly.
TpTrace Information: 0 : 34652, 1, 2021/12/06, 22:31:51.398, 4367351454594, vstest.console.dll, AssemblyResolver.OnResolve: Microsoft.TestPlatform.Extensions.EventLogCollector: Searching in: 'C:\Program Files\dotnet\sdk\6.0.100\Extensions'.
TpTrace Information: 0 : 34652, 1, 2021/12/06, 22:31:51.398, 4367351456959, vstest.console.dll, AssemblyResolver.OnResolve: Microsoft.TestPlatform.Extensions.EventLogCollector: Loading assembly 'C:\Program Files\dotnet\sdk\6.0.100\Extensions\Microsoft.TestPlatform.Extensions.EventLogCollector.dll'.
TpTrace Information: 0 : 34652, 1, 2021/12/06, 22:31:51.398, 4367351460662, vstest.console.dll, AssemblyResolver.OnResolve: Resolved assembly: Microsoft.TestPlatform.Extensions.EventLogCollector, from path: C:\Program Files\dotnet\sdk\6.0.100\Extensions\Microsoft.TestPlatform.Extensions.EventLogCollector.dll
TpTrace Information: 0 : 34652, 1, 2021/12/06, 22:31:51.400, 4367351473065, vstest.console.dll, AssemblyResolver.OnResolve: Microsoft.TestPlatform.TestHostRuntimeProvider: Resolving assembly.
TpTrace Information: 0 : 34652, 1, 2021/12/06, 22:31:51.400, 4367351473785, vstest.console.dll, AssemblyResolver.OnResolve: Microsoft.TestPlatform.TestHostRuntimeProvider: Searching in: 'C:\Program Files\dotnet\sdk\6.0.100\Extensions'.
TpTrace Information: 0 : 34652, 1, 2021/12/06, 22:31:51.400, 4367351475526, vstest.console.dll, AssemblyResolver.OnResolve: Microsoft.TestPlatform.TestHostRuntimeProvider: Loading assembly 'C:\Program Files\dotnet\sdk\6.0.100\Extensions\Microsoft.TestPlatform.TestHostRuntimeProvider.dll'.
TpTrace Information: 0 : 34652, 1, 2021/12/06, 22:31:51.400, 4367351481832, vstest.console.dll, AssemblyResolver.OnResolve: Resolved assembly: Microsoft.TestPlatform.TestHostRuntimeProvider, from path: C:\Program Files\dotnet\sdk\6.0.100\Extensions\Microsoft.TestPlatform.TestHostRuntimeProvider.dll
TpTrace Information: 0 : 34652, 1, 2021/12/06, 22:31:51.402, 4367351497953, vstest.console.dll, AssemblyResolver.OnResolve: Microsoft.VisualStudio.TestPlatform.Extensions.Html.TestLogger: Resolving assembly.
TpTrace Information: 0 : 34652, 1, 2021/12/06, 22:31:51.402, 4367351498972, vstest.console.dll, AssemblyResolver.OnResolve: Microsoft.VisualStudio.TestPlatform.Extensions.Html.TestLogger: Searching in: 'C:\Program Files\dotnet\sdk\6.0.100\Extensions'.
TpTrace Information: 0 : 34652, 1, 2021/12/06, 22:31:51.402, 4367351501594, vstest.console.dll, AssemblyResolver.OnResolve: Microsoft.VisualStudio.TestPlatform.Extensions.Html.TestLogger: Loading assembly 'C:\Program Files\dotnet\sdk\6.0.100\Extensions\Microsoft.VisualStudio.TestPlatform.Extensions.Html.TestLogger.dll'.
TpTrace Information: 0 : 34652, 1, 2021/12/06, 22:31:51.403, 4367351505713, vstest.console.dll, AssemblyResolver.OnResolve: Resolved assembly: Microsoft.VisualStudio.TestPlatform.Extensions.Html.TestLogger, from path: C:\Program Files\dotnet\sdk\6.0.100\Extensions\Microsoft.VisualStudio.TestPlatform.Extensions.Html.TestLogger.dll
TpTrace Information: 0 : 34652, 1, 2021/12/06, 22:31:51.403, 4367351508428, vstest.console.dll, AssemblyResolver.OnResolve: Microsoft.VisualStudio.TestPlatform.Extensions.Trx.TestLogger: Resolving assembly.
TpTrace Information: 0 : 34652, 1, 2021/12/06, 22:31:51.403, 4367351508877, vstest.console.dll, AssemblyResolver.OnResolve: Microsoft.VisualStudio.TestPlatform.Extensions.Trx.TestLogger: Searching in: 'C:\Program Files\dotnet\sdk\6.0.100\Extensions'.
TpTrace Information: 0 : 34652, 1, 2021/12/06, 22:31:51.403, 4367351511130, vstest.console.dll, AssemblyResolver.OnResolve: Microsoft.VisualStudio.TestPlatform.Extensions.Trx.TestLogger: Loading assembly 'C:\Program Files\dotnet\sdk\6.0.100\Extensions\Microsoft.VisualStudio.TestPlatform.Extensions.Trx.TestLogger.dll'.
TpTrace Information: 0 : 34652, 1, 2021/12/06, 22:31:51.404, 4367351516769, vstest.console.dll, AssemblyResolver.OnResolve: Resolved assembly: Microsoft.VisualStudio.TestPlatform.Extensions.Trx.TestLogger, from path: C:\Program Files\dotnet\sdk\6.0.100\Extensions\Microsoft.VisualStudio.TestPlatform.Extensions.Trx.TestLogger.dll
TpTrace Verbose: 0 : 34652, 1, 2021/12/06, 22:31:51.404, 4367351522038, vstest.console.dll, TestPluginCache: Discovered the extensions using extension path ''.
TpTrace Verbose: 0 : 34652, 1, 2021/12/06, 22:31:51.405, 4367351522718, vstest.console.dll, TestPluginCache: Discoverers are ''.
TpTrace Verbose: 0 : 34652, 1, 2021/12/06, 22:31:51.405, 4367351522950, vstest.console.dll, TestPluginCache: Executors are ''.
TpTrace Verbose: 0 : 34652, 1, 2021/12/06, 22:31:51.405, 4367351523143, vstest.console.dll, TestPluginCache: Executors2 are ''.
TpTrace Verbose: 0 : 34652, 1, 2021/12/06, 22:31:51.405, 4367351523329, vstest.console.dll, TestPluginCache: Setting providers are ''.
TpTrace Verbose: 0 : 34652, 1, 2021/12/06, 22:31:51.405, 4367351523521, vstest.console.dll, TestPluginCache: Loggers are ''.
TpTrace Information: 0 : 34652, 1, 2021/12/06, 22:31:51.409, 4367351564642, vstest.console.dll, RunTestsArgumentProcessor:Execute: Test run is starting.
TpTrace Verbose: 0 : 34652, 1, 2021/12/06, 22:31:51.409, 4367351565753, vstest.console.dll, RunTestsArgumentProcessor:Execute: Queuing Test run.
TpTrace Information: 0 : 34652, 1, 2021/12/06, 22:31:51.409, 4367351568106, vstest.console.dll, TestRequestManager.RunTests: run tests started.
TpTrace Information: 0 : 34652, 1, 2021/12/06, 22:31:51.422, 4367351698464, vstest.console.dll, AssemblyMetadataProvider.GetFrameWork: Determined framework:'.NETCoreApp,Version=v5.0' for source: 'D:\University\2 year\OOP\LW_2_10\LW_2_10Tests\bin\Debug\net5.0\fine-code-coverage\build-output\LW_2_10Tests.dll'
TpTrace Information: 0 : 34652, 1, 2021/12/06, 22:31:51.422, 4367351701374, vstest.console.dll, Determined framework for all sources: .NETCoreApp,Version=v5.0
TpTrace Information: 0 : 34652, 1, 2021/12/06, 22:31:51.423, 4367351705249, vstest.console.dll, AssemblyMetadataProvider.GetArchitecture: Determined architecture:AnyCPU info for assembly: D:\University\2 year\OOP\LW_2_10\LW_2_10Tests\bin\Debug\net5.0\fine-code-coverage\build-output\LW_2_10Tests.dll
TpTrace Information: 0 : 34652, 1, 2021/12/06, 22:31:51.424, 4367351718801, vstest.console.dll, Determined platform for all sources: X64
TpTrace Information: 0 : 34652, 1, 2021/12/06, 22:31:51.426, 4367351738132, vstest.console.dll, Compatible sources list : 
TpTrace Information: 0 : 34652, 1, 2021/12/06, 22:31:51.426, 4367351738896, vstest.console.dll, D:\University\2 year\OOP\LW_2_10\LW_2_10Tests\bin\Debug\net5.0\fine-code-coverage\build-output\LW_2_10Tests.dll
TpTrace Information: 0 : 34652, 1, 2021/12/06, 22:31:51.428, 4367351761698, vstest.console.dll, InferRunSettingsHelper.IsTestSettingsEnabled: Unable to navigate to RunSettings/MSTest. Current node: RunSettings
TpTrace Information: 0 : 34652, 1, 2021/12/06, 22:31:51.429, 4367351767426, vstest.console.dll, AssemblyResolver.OnResolve: Microsoft.VisualStudio.TestPlatform.Fakes: Resolving assembly.
TpTrace Information: 0 : 34652, 1, 2021/12/06, 22:31:51.429, 4367351767978, vstest.console.dll, AssemblyResolver.OnResolve: Microsoft.VisualStudio.TestPlatform.Fakes: Searching in: 'C:\Program Files\dotnet\sdk\6.0.100\Extensions'.
TpTrace Information: 0 : 34652, 1, 2021/12/06, 22:31:51.429, 4367351768910, vstest.console.dll, AssemblyResolver.OnResolve: Microsoft.VisualStudio.TestPlatform.Fakes: Assembly path does not exist: 'C:\Program Files\dotnet\sdk\6.0.100\Extensions\Microsoft.VisualStudio.TestPlatform.Fakes.dll', returning.
TpTrace Information: 0 : 34652, 1, 2021/12/06, 22:31:51.429, 4367351769554, vstest.console.dll, AssemblyResolver.OnResolve: Microsoft.VisualStudio.TestPlatform.Fakes: Assembly path does not exist: 'C:\Program Files\dotnet\sdk\6.0.100\Extensions\Microsoft.VisualStudio.TestPlatform.Fakes.exe', returning.
TpTrace Information: 0 : 34652, 1, 2021/12/06, 22:31:51.429, 4367351769813, vstest.console.dll, AssemblyResolver.OnResolve: Microsoft.VisualStudio.TestPlatform.Fakes: Searching in: 'C:\Program Files\dotnet\sdk\6.0.100'.
TpTrace Information: 0 : 34652, 1, 2021/12/06, 22:31:51.429, 4367351770331, vstest.console.dll, AssemblyResolver.OnResolve: Microsoft.VisualStudio.TestPlatform.Fakes: Assembly path does not exist: 'C:\Program Files\dotnet\sdk\6.0.100\Microsoft.VisualStudio.TestPlatform.Fakes.dll', returning.
TpTrace Information: 0 : 34652, 1, 2021/12/06, 22:31:51.429, 4367351770821, vstest.console.dll, AssemblyResolver.OnResolve: Microsoft.VisualStudio.TestPlatform.Fakes: Assembly path does not exist: 'C:\Program Files\dotnet\sdk\6.0.100\Microsoft.VisualStudio.TestPlatform.Fakes.exe', returning.
TpTrace Information: 0 : 34652, 1, 2021/12/06, 22:31:51.429, 4367351771093, vstest.console.dll, AssemblyResolver.OnResolve: Microsoft.VisualStudio.TestPlatform.Fakes: Failed to load assembly.
TpTrace Information: 0 : 34652, 1, 2021/12/06, 22:31:51.430, 4367351773070, vstest.console.dll, Failed to load assembly Microsoft.VisualStudio.TestPlatform.Fakes, Version=17.0.0.0, Culture=neutral. Reason:System.IO.FileNotFoundException: Could not load file or assembly 'Microsoft.VisualStudio.TestPlatform.Fakes, Version=17.0.0.0, Culture=neutral, PublicKeyToken=null'. Не удается найти указанный файл.
File name: 'Microsoft.VisualStudio.TestPlatform.Fakes, Version=17.0.0.0, Culture=neutral, PublicKeyToken=null'
   at System.Reflection.RuntimeAssembly.InternalLoad(ObjectHandleOnStack assemblyName, ObjectHandleOnStack requestingAssembly, StackCrawlMarkHandle stackMark, Boolean throwOnFileNotFound, ObjectHandleOnStack assemblyLoadContext, ObjectHandleOnStack retAssembly)
   at System.Reflection.RuntimeAssembly.InternalLoad(AssemblyName assemblyName, RuntimeAssembly requestingAssembly, StackCrawlMark& stackMark, Boolean throwOnFileNotFound, AssemblyLoadContext assemblyLoadContext)
   at System.Reflection.Assembly.Load(AssemblyName assemblyRef)
   at Microsoft.VisualStudio.TestPlatform.Common.Utilities.FakesUtilities.LoadTestPlatformAssembly()
TpTrace Verbose: 0 : 34652, 1, 2021/12/06, 22:31:51.432, 4367351800527, vstest.console.dll, TestPluginCache.DiscoverTestExtensions: finding test extensions in assemblies ends with: TestLogger.dll TPluginInfo: Microsoft.VisualStudio.TestPlatform.Common.ExtensionFramework.Utilities.TestLoggerPluginInformation TExtension: Microsoft.VisualStudio.TestPlatform.ObjectModel.Client.ITestLogger
TpTrace Verbose: 0 : 34652, 1, 2021/12/06, 22:31:51.432, 4367351801250, vstest.console.dll, TestPluginCache.GetExtensionPaths: Filtered extension paths: 
TpTrace Verbose: 0 : 34652, 1, 2021/12/06, 22:31:51.432, 4367351801532, vstest.console.dll, TestPluginCache.GetExtensionPaths: Added default extension paths: C:\Program Files\dotnet\sdk\6.0.100\Extensions\Microsoft.Diagnostics.NETCore.Client.dll
C:\Program Files\dotnet\sdk\6.0.100\Extensions\Microsoft.TestPlatform.Extensions.BlameDataCollector.dll
C:\Program Files\dotnet\sdk\6.0.100\Extensions\Microsoft.TestPlatform.Extensions.EventLogCollector.dll
C:\Program Files\dotnet\sdk\6.0.100\Extensions\Microsoft.TestPlatform.TestHostRuntimeProvider.dll
C:\Program Files\dotnet\sdk\6.0.100\Extensions\Microsoft.VisualStudio.TestPlatform.Extensions.Html.TestLogger.dll
C:\Program Files\dotnet\sdk\6.0.100\Extensions\Microsoft.VisualStudio.TestPlatform.Extensions.Trx.TestLogger.dll
TpTrace Verbose: 0 : 34652, 1, 2021/12/06, 22:31:51.432, 4367351801829, vstest.console.dll, TestPluginCache.GetExtensionPaths: Added unfilterableExtensionPaths: 
TpTrace Information: 0 : 34652, 1, 2021/12/06, 22:31:51.433, 4367351803003, vstest.console.dll, AssemblyResolver.AddSearchDirectories: Adding more searchDirectories C:\Program Files\dotnet\sdk\6.0.100\Extensions,C:\Program Files\dotnet\sdk\6.0.100
TpTrace Verbose: 0 : 34652, 1, 2021/12/06, 22:31:51.433, 4367351803401, vstest.console.dll, TestPluginCache.DiscoverTestExtensions: Discovering the extensions using extension path.
TpTrace Verbose: 0 : 34652, 1, 2021/12/06, 22:31:51.433, 4367351803712, vstest.console.dll, TestPluginCache.GetExtensionPaths: Filtered extension paths: 
TpTrace Verbose: 0 : 34652, 1, 2021/12/06, 22:31:51.433, 4367351803939, vstest.console.dll, TestPluginCache.GetExtensionPaths: Added default extension paths: C:\Program Files\dotnet\sdk\6.0.100\Extensions\Microsoft.Diagnostics.NETCore.Client.dll
C:\Program Files\dotnet\sdk\6.0.100\Extensions\Microsoft.TestPlatform.Extensions.BlameDataCollector.dll
C:\Program Files\dotnet\sdk\6.0.100\Extensions\Microsoft.TestPlatform.Extensions.EventLogCollector.dll
C:\Program Files\dotnet\sdk\6.0.100\Extensions\Microsoft.TestPlatform.TestHostRuntimeProvider.dll
C:\Program Files\dotnet\sdk\6.0.100\Extensions\Microsoft.VisualStudio.TestPlatform.Extensions.Html.TestLogger.dll
C:\Program Files\dotnet\sdk\6.0.100\Extensions\Microsoft.VisualStudio.TestPlatform.Extensions.Trx.TestLogger.dll
TpTrace Verbose: 0 : 34652, 1, 2021/12/06, 22:31:51.433, 4367351804194, vstest.console.dll, TestPluginCache.GetExtensionPaths: Added unfilterableExtensionPaths: 
TpTrace Verbose: 0 : 34652, 1, 2021/12/06, 22:31:51.433, 4367351804421, vstest.console.dll, TestPluginCache.DiscoverTestExtensions: Discovering the extensions using allExtensionPaths: C:\Program Files\dotnet\sdk\6.0.100\Extensions\Microsoft.Diagnostics.NETCore.Client.dll
C:\Program Files\dotnet\sdk\6.0.100\Extensions\Microsoft.TestPlatform.Extensions.BlameDataCollector.dll
C:\Program Files\dotnet\sdk\6.0.100\Extensions\Microsoft.TestPlatform.Extensions.EventLogCollector.dll
C:\Program Files\dotnet\sdk\6.0.100\Extensions\Microsoft.TestPlatform.TestHostRuntimeProvider.dll
C:\Program Files\dotnet\sdk\6.0.100\Extensions\Microsoft.VisualStudio.TestPlatform.Extensions.Html.TestLogger.dll
C:\Program Files\dotnet\sdk\6.0.100\Extensions\Microsoft.VisualStudio.TestPlatform.Extensions.Trx.TestLogger.dll
TpTrace Information: 0 : 34652, 1, 2021/12/06, 22:31:51.433, 4367351804796, vstest.console.dll, AssemblyResolver.AddSearchDirectories: Adding more searchDirectories C:\Program Files\dotnet\sdk\6.0.100\Extensions,C:\Program Files\dotnet\sdk\6.0.100
TpTrace Information: 0 : 34652, 1, 2021/12/06, 22:31:51.433, 4367351805071, vstest.console.dll, AssemblyResolver.AddSearchDirectories: Adding more searchDirectories C:\Program Files\dotnet\sdk\6.0.100\Extensions,C:\Program Files\dotnet\sdk\6.0.100
TpTrace Information: 0 : 34652, 1, 2021/12/06, 22:31:51.433, 4367351805297, vstest.console.dll, AssemblyResolver.AddSearchDirectories: Adding more searchDirectories C:\Program Files\dotnet\sdk\6.0.100\Extensions,C:\Program Files\dotnet\sdk\6.0.100
TpTrace Information: 0 : 34652, 1, 2021/12/06, 22:31:51.433, 4367351805541, vstest.console.dll, AssemblyResolver.AddSearchDirectories: Adding more searchDirectories C:\Program Files\dotnet\sdk\6.0.100\Extensions,C:\Program Files\dotnet\sdk\6.0.100
TpTrace Information: 0 : 34652, 1, 2021/12/06, 22:31:51.433, 4367351805762, vstest.console.dll, AssemblyResolver.AddSearchDirectories: Adding more searchDirectories C:\Program Files\dotnet\sdk\6.0.100\Extensions,C:\Program Files\dotnet\sdk\6.0.100
TpTrace Information: 0 : 34652, 1, 2021/12/06, 22:31:51.433, 4367351805977, vstest.console.dll, AssemblyResolver.AddSearchDirectories: Adding more searchDirectories C:\Program Files\dotnet\sdk\6.0.100\Extensions,C:\Program Files\dotnet\sdk\6.0.100
TpTrace Information: 0 : 34652, 1, 2021/12/06, 22:31:51.433, 4367351807763, vstest.console.dll, AssemblyResolver.OnResolve: Microsoft.Bcl.AsyncInterfaces: Resolving assembly.
TpTrace Information: 0 : 34652, 1, 2021/12/06, 22:31:51.433, 4367351808116, vstest.console.dll, AssemblyResolver.OnResolve: Microsoft.Bcl.AsyncInterfaces: Resolved from cache.
TpTrace Verbose: 0 : 34652, 1, 2021/12/06, 22:31:51.433, 4367351808391, vstest.console.dll, CurrentDomainAssemblyResolve: Resolving assembly 'Microsoft.Bcl.AsyncInterfaces'.
TpTrace Information: 0 : 34652, 1, 2021/12/06, 22:31:51.433, 4367351808728, vstest.console.dll, AssemblyResolver.OnResolve: Microsoft.Bcl.AsyncInterfaces: Resolving assembly.
TpTrace Information: 0 : 34652, 1, 2021/12/06, 22:31:51.433, 4367351808954, vstest.console.dll, AssemblyResolver.OnResolve: Microsoft.Bcl.AsyncInterfaces: Resolved from cache.
TpTrace Verbose: 0 : 34652, 1, 2021/12/06, 22:31:51.433, 4367351809365, vstest.console.dll, CurrentDomainAssemblyResolve: Resolving assembly 'Microsoft.Bcl.AsyncInterfaces'.
TpTrace Verbose: 0 : 34652, 1, 2021/12/06, 22:31:51.433, 4367351809589, vstest.console.dll, CurrentDomainAssemblyResolve: Failed to resolve assembly 'Microsoft.Bcl.AsyncInterfaces'.
TpTrace Verbose: 0 : 34652, 1, 2021/12/06, 22:31:51.433, 4367351810701, vstest.console.dll, CurrentDomainAssemblyResolve: Failed to resolve assembly 'Microsoft.Bcl.AsyncInterfaces'.
TpTrace Warning: 0 : 34652, 1, 2021/12/06, 22:31:51.434, 4367351813230, vstest.console.dll, TestPluginDiscoverer: Failed to get types from assembly 'Microsoft.Diagnostics.NETCore.Client, Version=0.2.4.21401, Culture=neutral, PublicKeyToken=31bf3856ad364e35'.  Skipping test extension scan for this assembly.  Error: System.Reflection.ReflectionTypeLoadException: Unable to load one or more of the requested types.
Could not load file or assembly 'Microsoft.Bcl.AsyncInterfaces, Version=1.0.0.0, Culture=neutral, PublicKeyToken=cc7b13ffcd2ddd51'. Не удается найти указанный файл.
   at System.Reflection.RuntimeModule.GetTypes(RuntimeModule module)
   at System.Reflection.Assembly.GetTypes()
   at Microsoft.VisualStudio.TestPlatform.Common.ExtensionFramework.TestPluginDiscoverer.GetTestExtensionsFromAssembly[TPluginInfo,TExtension](Assembly assembly, Dictionary`2 pluginInfos)
System.IO.FileNotFoundException: Could not load file or assembly 'Microsoft.Bcl.AsyncInterfaces, Version=1.0.0.0, Culture=neutral, PublicKeyToken=cc7b13ffcd2ddd51'. Не удается найти указанный файл.
File name: 'Microsoft.Bcl.AsyncInterfaces, Version=1.0.0.0, Culture=neutral, PublicKeyToken=cc7b13ffcd2ddd51'
 ---> System.IO.FileNotFoundException: Could not load file or assembly 'Microsoft.Bcl.AsyncInterfaces, Culture=neutral, PublicKeyToken=null'. Не удается найти указанный файл.
File name: 'Microsoft.Bcl.AsyncInterfaces, Culture=neutral, PublicKeyToken=null'
   at System.Reflection.RuntimeAssembly.InternalLoad(ObjectHandleOnStack assemblyName, ObjectHandleOnStack requestingAssembly, StackCrawlMarkHandle stackMark, Boolean throwOnFileNotFound, ObjectHandleOnStack assemblyLoadContext, ObjectHandleOnStack retAssembly)
   at System.Reflection.RuntimeAssembly.InternalLoad(AssemblyName assemblyName, RuntimeAssembly requestingAssembly, StackCrawlMark& stackMark, Boolean throwOnFileNotFound, AssemblyLoadContext assemblyLoadContext)
   at System.Reflection.Assembly.Load(AssemblyName assemblyRef)
   at Microsoft.VisualStudio.TestPlatform.Common.ExtensionFramework.TestPluginCache.CurrentDomainAssemblyResolve(Object sender, AssemblyResolveEventArgs args)
   at Microsoft.VisualStudio.TestPlatform.PlatformAbstractions.PlatformAssemblyResolver.AssemblyResolverEvent(Object sender, Object eventArgs)
   at System.Runtime.Loader.AssemblyLoadContext.GetFirstResolvedAssemblyFromResolvingEvent(AssemblyName assemblyName)
   at System.Runtime.Loader.AssemblyLoadContext.ResolveUsingEvent(AssemblyName assemblyName)
   at System.Runtime.Loader.AssemblyLoadContext.ResolveUsingResolvingEvent(IntPtr gchManagedAssemblyLoadContext, AssemblyName assemblyName)
TpTrace Warning: 0 : 34652, 1, 2021/12/06, 22:31:51.434, 4367351814847, vstest.console.dll, LoaderExceptions: System.IO.FileNotFoundException: Could not load file or assembly 'Microsoft.Bcl.AsyncInterfaces, Version=1.0.0.0, Culture=neutral, PublicKeyToken=cc7b13ffcd2ddd51'. Не удается найти указанный файл.
File name: 'Microsoft.Bcl.AsyncInterfaces, Version=1.0.0.0, Culture=neutral, PublicKeyToken=cc7b13ffcd2ddd51'
 ---> System.IO.FileNotFoundException: Could not load file or assembly 'Microsoft.Bcl.AsyncInterfaces, Culture=neutral, PublicKeyToken=null'. Не удается найти указанный файл.
File name: 'Microsoft.Bcl.AsyncInterfaces, Culture=neutral, PublicKeyToken=null'
   at System.Reflection.RuntimeAssembly.InternalLoad(ObjectHandleOnStack assemblyName, ObjectHandleOnStack requestingAssembly, StackCrawlMarkHandle stackMark, Boolean throwOnFileNotFound, ObjectHandleOnStack assemblyLoadContext, ObjectHandleOnStack retAssembly)
   at System.Reflection.RuntimeAssembly.InternalLoad(AssemblyName assemblyName, RuntimeAssembly requestingAssembly, StackCrawlMark& stackMark, Boolean throwOnFileNotFound, AssemblyLoadContext assemblyLoadContext)
   at System.Reflection.Assembly.Load(AssemblyName assemblyRef)
   at Microsoft.VisualStudio.TestPlatform.Common.ExtensionFramework.TestPluginCache.CurrentDomainAssemblyResolve(Object sender, AssemblyResolveEventArgs args)
   at Microsoft.VisualStudio.TestPlatform.PlatformAbstractions.PlatformAssemblyResolver.AssemblyResolverEvent(Object sender, Object eventArgs)
   at System.Runtime.Loader.AssemblyLoadContext.GetFirstResolvedAssemblyFromResolvingEvent(AssemblyName assemblyName)
   at System.Runtime.Loader.AssemblyLoadContext.ResolveUsingEvent(AssemblyName assemblyName)
   at System.Runtime.Loader.AssemblyLoadContext.ResolveUsingResolvingEvent(IntPtr gchManagedAssemblyLoadContext, AssemblyName assemblyName)
TpTrace Verbose: 0 : 34652, 1, 2021/12/06, 22:31:51.434, 4367351817724, vstest.console.dll, TestPluginCache: Discovered the extensions using extension path ''.
TpTrace Verbose: 0 : 34652, 1, 2021/12/06, 22:31:51.434, 4367351818070, vstest.console.dll, TestPluginCache: Discoverers are ''.
TpTrace Verbose: 0 : 34652, 1, 2021/12/06, 22:31:51.434, 4367351818284, vstest.console.dll, TestPluginCache: Executors are ''.
TpTrace Verbose: 0 : 34652, 1, 2021/12/06, 22:31:51.434, 4367351818474, vstest.console.dll, TestPluginCache: Executors2 are ''.
TpTrace Verbose: 0 : 34652, 1, 2021/12/06, 22:31:51.434, 4367351818660, vstest.console.dll, TestPluginCache: Setting providers are ''.
TpTrace Verbose: 0 : 34652, 1, 2021/12/06, 22:31:51.434, 4367351819359, vstest.console.dll, TestPluginCache: Loggers are 'logger://Microsoft/TestPlatform/Extensions/Blame/v1,logger://Microsoft/TestPlatform/HtmlLogger/v1,logger://Microsoft/TestPlatform/TrxLogger/v1'.
TpTrace Information: 0 : 34652, 1, 2021/12/06, 22:31:51.435, 4367351824090, vstest.console.dll, TestPluginManager.CreateTestExtension: Attempting to load test extension: Microsoft.TestPlatform.Extensions.BlameDataCollector.BlameLogger
TpTrace Information: 0 : 34652, 1, 2021/12/06, 22:31:51.439, 4367351871776, vstest.console.dll, TestPluginManager.CreateTestExtension: Attempting to load test extension: Microsoft.VisualStudio.TestPlatform.CrossPlatEngine.Hosting.DefaultTestHostManager
TpTrace Information: 0 : 34652, 1, 2021/12/06, 22:31:51.440, 4367351874119, vstest.console.dll, TestPluginManager.CreateTestExtension: Attempting to load test extension: Microsoft.VisualStudio.TestPlatform.CrossPlatEngine.Hosting.DotnetTestHostManager
TpTrace Verbose: 0 : 34652, 1, 2021/12/06, 22:31:51.440, 4367351878318, vstest.console.dll, TestEngine: Initializing Parallel Execution as MaxCpuCount is set to: 1
TpTrace Information: 0 : 34652, 1, 2021/12/06, 22:31:51.441, 4367351883716, vstest.console.dll, InferRunSettingsHelper.IsTestSettingsEnabled: Unable to navigate to RunSettings/MSTest. Current node: RunSettings
TpTrace Verbose: 0 : 34652, 1, 2021/12/06, 22:31:51.453, 4367352008442, vstest.console.dll, TestRequestSender is acting as server
TpTrace Verbose: 0 : 34652, 5, 2021/12/06, 22:31:51.457, 4367352044582, vstest.console.dll, DataCollectionRequestSender.InitializeCommunication : Initialize communication. 
TpTrace Information: 0 : 34652, 5, 2021/12/06, 22:31:51.462, 4367352097379, vstest.console.dll, Listening on Endpoint : 127.0.0.1:51863
TpTrace Verbose: 0 : 34652, 5, 2021/12/06, 22:31:51.471, 4367352186011, vstest.console.dll, DotnetDataCollectionLauncher: Full path of dotnet.exe is C:\Program Files\dotnet\dotnet.exe
TpTrace Verbose: 0 : 34652, 5, 2021/12/06, 22:31:51.471, 4367352187343, vstest.console.dll, DotnetDataCollectionLauncher: Adding  --runtimeconfig "C:\Program Files\dotnet\sdk\6.0.100\datacollector.runtimeconfig.json" in args
TpTrace Verbose: 0 : 34652, 5, 2021/12/06, 22:31:51.471, 4367352187971, vstest.console.dll, DotnetDataCollectionLauncher: Adding  --depsfile "C:\Program Files\dotnet\sdk\6.0.100\datacollector.deps.json" in args
TpTrace Information: 0 : 34652, 5, 2021/12/06, 22:31:51.486, 4367352341032, vstest.console.dll, ProxyDataCollectionManager.Initialize: Launched datacollector processId: 36144 port: 51863
TpTrace Information: 0 : 34652, 5, 2021/12/06, 22:31:51.487, 4367352342326, vstest.console.dll, ProxyDataCollectionManager.Initialize: waiting for connection with timeout: 90 seconds
TpTrace Verbose: 0 : 34652, 5, 2021/12/06, 22:31:51.487, 4367352342796, vstest.console.dll, DataCollectionRequestSender.WaitForRequestHandlerConnection : Waiting for connection with timeout: 90000
TpTrace Information: 0 : 34652, 8, 2021/12/06, 22:31:51.609, 4367353569951, vstest.console.dll, Using the buffer size of 16384 bytes
TpTrace Verbose: 0 : 34652, 5, 2021/12/06, 22:31:51.609, 4367353570341, vstest.console.dll, ProxyDataCollectionManager.InvokeDataCollectionServiceAction: Starting.
TpTrace Information: 0 : 34652, 8, 2021/12/06, 22:31:51.609, 4367353570791, vstest.console.dll, Accepted Client request and set the flag
TpTrace Information: 0 : 34652, 5, 2021/12/06, 22:31:51.609, 4367353571594, vstest.console.dll, ProxyDataCollectionManager.BeforeTestRunStart: Get environment variable and port for datacollector processId: 36144 port: 51863
TpTrace Verbose: 0 : 34652, 5, 2021/12/06, 22:31:51.610, 4367353572457, vstest.console.dll, DataCollectionRequestSender.SendBeforeTestRunStartAndGetResult : Send BeforeTestRunStart message with settingsXml <RunSettings><RunConfiguration><ResultsDirectory>D:\University\2 year\OOP\LW_2_10\LW_2_10Tests\bin\Debug\net5.0\fine-code-coverage\coverage-tool-output</ResultsDirectory><TargetPlatform>X64</TargetPlatform><TargetFrameworkVersion>.NETCoreApp,Version=v5.0</TargetFrameworkVersion><DesignMode>False</DesignMode><CollectSourceInformation>False</CollectSourceInformation><TestAdaptersPaths>C:\Program Files\dotnet\sdk\6.0.100\Extensions</TestAdaptersPaths></RunConfiguration><LoggerRunSettings><Loggers><Logger friendlyName="blame" enabled="True" /><Logger friendlyName="Console" uri="logger://microsoft/TestPlatform/ConsoleLogger/v1" assemblyQualifiedName="Microsoft.VisualStudio.TestPlatform.CommandLine.Internal.ConsoleLogger, vstest.console, Version=15.0.0.0, Culture=neutral, PublicKeyToken=b03f5f7f11d50a3a" codeBase="C:\Program Files\dotnet\sdk\6.0.100\vstest.console.dll" enabled="True" /></Loggers></LoggerRunSettings><DataCollectionRunSettings><DataCollectors><DataCollector friendlyName="blame" enabled="True"><Configuration><ResultsDirectory>D:\University\2 year\OOP\LW_2_10\LW_2_10Tests\bin\Debug\net5.0\fine-code-coverage\coverage-tool-output</ResultsDirectory></Configuration></DataCollector></DataCollectors></DataCollectionRunSettings></RunSettings> and sources System.Linq.Enumerable+Concat2Iterator`1[System.String]: 
TpTrace Verbose: 0 : 34652, 5, 2021/12/06, 22:31:51.668, 4367354154711, vstest.console.dll, DataCollectionRequestSender.SendBeforeTestRunStartAndGetResult : Received message: (DataCollection.SendMessage) -> {
  "FriendlyName": null,
  "Uri": null,
  "TestCaseId": "00000000-0000-0000-0000-000000000000",
  "Message": "Logging DataCollector Diagnostics in file: D:\\University\\2 year\\OOP\\LW_2_10\\LW_2_10Tests\\bin\\Debug\\net5.0\\fine-code-coverage\\coverage-tool-output\\diagnostics.datacollector.21-12-06_22-31-51_46819_5.log",
  "Level": 0
}
TpTrace Information: 0 : 34652, 5, 2021/12/06, 22:31:51.673, 4367354206139, vstest.console.dll, AssemblyResolver.OnResolve: Microsoft.VisualStudio.TestPlatform.Common.resources: Resolving assembly.
TpTrace Information: 0 : 34652, 5, 2021/12/06, 22:31:51.673, 4367354206978, vstest.console.dll, AssemblyResolver.OnResolve: Microsoft.VisualStudio.TestPlatform.Common.resources: Searching in: 'C:\Program Files\dotnet\sdk\6.0.100\Extensions'.
TpTrace Information: 0 : 34652, 5, 2021/12/06, 22:31:51.673, 4367354207622, vstest.console.dll, AssemblyResolver.OnResolve: Microsoft.VisualStudio.TestPlatform.Common.resources: Assembly path does not exist: 'C:\Program Files\dotnet\sdk\6.0.100\Extensions\Microsoft.VisualStudio.TestPlatform.Common.resources.dll', returning.
TpTrace Information: 0 : 34652, 5, 2021/12/06, 22:31:51.673, 4367354208164, vstest.console.dll, AssemblyResolver.OnResolve: Microsoft.VisualStudio.TestPlatform.Common.resources: Assembly path does not exist: 'C:\Program Files\dotnet\sdk\6.0.100\Extensions\Microsoft.VisualStudio.TestPlatform.Common.resources.exe', returning.
TpTrace Information: 0 : 34652, 5, 2021/12/06, 22:31:51.673, 4367354208410, vstest.console.dll, AssemblyResolver.OnResolve: Microsoft.VisualStudio.TestPlatform.Common.resources: Searching in: 'C:\Program Files\dotnet\sdk\6.0.100'.
TpTrace Information: 0 : 34652, 5, 2021/12/06, 22:31:51.673, 4367354208915, vstest.console.dll, AssemblyResolver.OnResolve: Microsoft.VisualStudio.TestPlatform.Common.resources: Assembly path does not exist: 'C:\Program Files\dotnet\sdk\6.0.100\Microsoft.VisualStudio.TestPlatform.Common.resources.dll', returning.
TpTrace Information: 0 : 34652, 5, 2021/12/06, 22:31:51.673, 4367354209572, vstest.console.dll, AssemblyResolver.OnResolve: Microsoft.VisualStudio.TestPlatform.Common.resources: Assembly path does not exist: 'C:\Program Files\dotnet\sdk\6.0.100\Microsoft.VisualStudio.TestPlatform.Common.resources.exe', returning.
TpTrace Information: 0 : 34652, 5, 2021/12/06, 22:31:51.673, 4367354209849, vstest.console.dll, AssemblyResolver.OnResolve: Microsoft.VisualStudio.TestPlatform.Common.resources: Failed to load assembly.
TpTrace Verbose: 0 : 34652, 5, 2021/12/06, 22:31:51.720, 4367354680359, vstest.console.dll, DataCollectionRequestSender.SendBeforeTestRunStartAndGetResult : Received message: (DataCollection.BeforeTestRunStartResult) -> {
  "EnvironmentVariables": {},
  "DataCollectionEventsPort": 51865
}
TpTrace Information: 0 : 34652, 5, 2021/12/06, 22:31:51.725, 4367354725176, vstest.console.dll, ProxyDataCollectionManager.BeforeTestRunStart: SendBeforeTestRunStartAndGetResult successful, env variable from datacollector:   and testhost port: 51865
TpTrace Information: 0 : 34652, 5, 2021/12/06, 22:31:51.725, 4367354726166, vstest.console.dll, ProxyDataCollectionManager.InvokeDataCollectionServiceAction: Completed.
TpTrace Verbose: 0 : 34652, 1, 2021/12/06, 22:31:51.725, 4367354727373, vstest.console.dll, TestRunRequest.ExecuteAsync: Creating test run request.
TpTrace Verbose: 0 : 34652, 1, 2021/12/06, 22:31:51.725, 4367354729628, vstest.console.dll, TestRunRequest.ExecuteAsync: Starting.
TpTrace Information: 0 : 34652, 1, 2021/12/06, 22:31:51.726, 4367354732194, vstest.console.dll, TestRunRequest.ExecuteAsync: Starting run with settings:TestRunCriteria:
   KeepAlive=False,FrequencyOfRunStatsChangeEvent=10,RunStatsChangeEventTimeout=00:00:01.5000000,TestCaseFilter=,TestExecutorLauncher=
   Settingsxml=<RunSettings>
  <RunConfiguration>
    <ResultsDirectory>D:\University\2 year\OOP\LW_2_10\LW_2_10Tests\bin\Debug\net5.0\fine-code-coverage\coverage-tool-output</ResultsDirectory>
    <TargetPlatform>X64</TargetPlatform>
    <TargetFrameworkVersion>.NETCoreApp,Version=v5.0</TargetFrameworkVersion>
    <DesignMode>False</DesignMode>
    <CollectSourceInformation>False</CollectSourceInformation>
  </RunConfiguration>
  <LoggerRunSettings>
    <Loggers>
      <Logger friendlyName="blame" enabled="True" />
      <Logger friendlyName="Console" uri="logger://microsoft/TestPlatform/ConsoleLogger/v1" assemblyQualifiedName="Microsoft.VisualStudio.TestPlatform.CommandLine.Internal.ConsoleLogger, vstest.console, Version=15.0.0.0, Culture=neutral, PublicKeyToken=b03f5f7f11d50a3a" codeBase="C:\Program Files\dotnet\sdk\6.0.100\vstest.console.dll" enabled="True" />
    </Loggers>
  </LoggerRunSettings>
  <DataCollectionRunSettings>
    <DataCollectors>
      <DataCollector friendlyName="blame" enabled="True">
        <Configuration>
          <ResultsDirectory>D:\University\2 year\OOP\LW_2_10\LW_2_10Tests\bin\Debug\net5.0\fine-code-coverage\coverage-tool-output</ResultsDirectory>
        </Configuration>
      </DataCollector>
    </DataCollectors>
  </DataCollectionRunSettings>
</RunSettings>

TpTrace Verbose: 0 : 34652, 1, 2021/12/06, 22:31:51.726, 4367354732584, vstest.console.dll, TestRunRequest.ExecuteAsync: Wait for the first run request is over.
TpTrace Verbose: 0 : 34652, 1, 2021/12/06, 22:31:51.726, 4367354735910, vstest.console.dll, ParallelProxyExecutionManager: Start execution. Total sources: 1
TpTrace Information: 0 : 34652, 1, 2021/12/06, 22:31:51.726, 4367354740482, vstest.console.dll, ProxyParallelExecutionManager: Triggering test run for next source: D:\University\2 year\OOP\LW_2_10\LW_2_10Tests\bin\Debug\net5.0\fine-code-coverage\build-output\LW_2_10Tests.dll
TpTrace Verbose: 0 : 34652, 5, 2021/12/06, 22:31:51.726, 4367354741703, vstest.console.dll, ParallelProxyExecutionManager: Execution started. Started clients: 1
TpTrace Verbose: 0 : 34652, 1, 2021/12/06, 22:31:51.726, 4367354742041, vstest.console.dll, ProxyParallelExecutionManager: No sources available for execution.
TpTrace Information: 0 : 34652, 1, 2021/12/06, 22:31:51.727, 4367354742539, vstest.console.dll, TestRunRequest.ExecuteAsync: Started.
TpTrace Verbose: 0 : 34652, 1, 2021/12/06, 22:31:51.727, 4367354743132, vstest.console.dll, TestRunRequest.WaitForCompletion: Waiting with timeout -1.
TpTrace Verbose: 0 : 34652, 5, 2021/12/06, 22:31:51.727, 4367354744121, vstest.console.dll, TestRunRequest:SendTestRunMessage: Starting.
TpTrace Information: 0 : 34652, 5, 2021/12/06, 22:31:51.727, 4367354745049, vstest.console.dll, TestRunRequest:SendTestRunMessage: Completed.
TpTrace Verbose: 0 : 34652, 5, 2021/12/06, 22:31:51.727, 4367354746637, vstest.console.dll, ProxyExecutionManager: Test host is always Lazy initialize.
TpTrace Verbose: 0 : 34652, 5, 2021/12/06, 22:31:51.727, 4367354748538, vstest.console.dll, TestRequestSender.InitializeCommunication: initialize communication. 
TpTrace Information: 0 : 34652, 5, 2021/12/06, 22:31:51.728, 4367354753587, vstest.console.dll, SocketServer.Start: Listening on endpoint : 127.0.0.1:51866
TpTrace Verbose: 0 : 34652, 5, 2021/12/06, 22:31:51.728, 4367354758828, vstest.console.dll, DotnetTestHostmanager: Adding  --runtimeconfig "D:\University\2 year\OOP\LW_2_10\LW_2_10Tests\bin\Debug\net5.0\fine-code-coverage\build-output\LW_2_10Tests.runtimeconfig.json" in args
TpTrace Verbose: 0 : 34652, 5, 2021/12/06, 22:31:51.728, 4367354759390, vstest.console.dll, DotnetTestHostmanager: Adding  --depsfile "D:\University\2 year\OOP\LW_2_10\LW_2_10Tests\bin\Debug\net5.0\fine-code-coverage\build-output\LW_2_10Tests.deps.json" in args
TpTrace Verbose: 0 : 34652, 5, 2021/12/06, 22:31:51.728, 4367354760614, vstest.console.dll, DotnetTestHostManager: Testhost.exe/testhost.x86.exe found at path: D:\University\2 year\OOP\LW_2_10\LW_2_10Tests\bin\Debug\net5.0\fine-code-coverage\build-output\testhost.exe
TpTrace Verbose: 0 : 34652, 5, 2021/12/06, 22:31:51.728, 4367354760972, vstest.console.dll, DotnetTestHostmanager: Full path of host exe is D:\University\2 year\OOP\LW_2_10\LW_2_10Tests\bin\Debug\net5.0\fine-code-coverage\build-output\testhost.exe
TpTrace Verbose: 0 : 34652, 7, 2021/12/06, 22:31:51.729, 4367354767212, vstest.console.dll, DotnetTestHostManager: Starting process 'D:\University\2 year\OOP\LW_2_10\LW_2_10Tests\bin\Debug\net5.0\fine-code-coverage\build-output\testhost.exe' with command line ' --runtimeconfig "D:\University\2 year\OOP\LW_2_10\LW_2_10Tests\bin\Debug\net5.0\fine-code-coverage\build-output\LW_2_10Tests.runtimeconfig.json" --depsfile "D:\University\2 year\OOP\LW_2_10\LW_2_10Tests\bin\Debug\net5.0\fine-code-coverage\build-output\LW_2_10Tests.deps.json" --port 51866 --endpoint 127.0.0.1:051866 --role client --parentprocessid 34652 --diag "D:\University\2 year\OOP\LW_2_10\LW_2_10Tests\bin\Debug\net5.0\fine-code-coverage\coverage-tool-output\diagnostics.host.21-12-06_22-31-51_72842_5.log" --tracelevel 4 --datacollectionport 51865 --telemetryoptedin false'
TpTrace Verbose: 0 : 34652, 7, 2021/12/06, 22:31:51.746, 4367354935760, vstest.console.dll, Test Runtime launched
TpTrace Verbose: 0 : 34652, 5, 2021/12/06, 22:31:51.746, 4367354941743, vstest.console.dll, TestRequestSender.WaitForRequestHandlerConnection: waiting for connection with timeout: 90000
TpTrace Verbose: 0 : 34652, 7, 2021/12/06, 22:31:51.900, 4367356473879, vstest.console.dll, SocketServer.OnClientConnected: Client connected for endPoint: 127.0.0.1:51866, starting MessageLoopAsync:
TpTrace Verbose: 0 : 34652, 14, 2021/12/06, 22:31:51.900, 4367356476402, vstest.console.dll, TcpClientExtensions.MessageLoopAsync: Polling on remoteEndPoint: 127.0.0.1:51870 localEndPoint: 127.0.0.1:51866
TpTrace Verbose: 0 : 34652, 14, 2021/12/06, 22:31:52.023, 4367357706175, vstest.console.dll, TcpClientExtensions.MessageLoopAsync: NotifyDataAvailable remoteEndPoint: 127.0.0.1:51870 localEndPoint: 127.0.0.1:51866
TpTrace Verbose: 0 : 34652, 14, 2021/12/06, 22:31:52.023, 4367357708230, vstest.console.dll, TestRequestSender.CheckVersionWithTestHost: onMessageReceived received message: (ProtocolVersion) -> 5
TpTrace Verbose: 0 : 34652, 14, 2021/12/06, 22:31:52.023, 4367357711344, vstest.console.dll, TcpClientExtensions.MessageLoopAsync: Polling on remoteEndPoint: 127.0.0.1:51870 localEndPoint: 127.0.0.1:51866
TpTrace Verbose: 0 : 34652, 5, 2021/12/06, 22:31:52.023, 4367357711985, vstest.console.dll, TestPluginCache.GetExtensionPaths: Filtered extension paths: 
TpTrace Verbose: 0 : 34652, 5, 2021/12/06, 22:31:52.024, 4367357712500, vstest.console.dll, TestPluginCache.GetExtensionPaths: Added default extension paths: C:\Program Files\dotnet\sdk\6.0.100\Extensions\Microsoft.Diagnostics.NETCore.Client.dll
C:\Program Files\dotnet\sdk\6.0.100\Extensions\Microsoft.TestPlatform.Extensions.BlameDataCollector.dll
C:\Program Files\dotnet\sdk\6.0.100\Extensions\Microsoft.TestPlatform.Extensions.EventLogCollector.dll
C:\Program Files\dotnet\sdk\6.0.100\Extensions\Microsoft.TestPlatform.TestHostRuntimeProvider.dll
C:\Program Files\dotnet\sdk\6.0.100\Extensions\Microsoft.VisualStudio.TestPlatform.Extensions.Html.TestLogger.dll
C:\Program Files\dotnet\sdk\6.0.100\Extensions\Microsoft.VisualStudio.TestPlatform.Extensions.Trx.TestLogger.dll
TpTrace Verbose: 0 : 34652, 5, 2021/12/06, 22:31:52.024, 4367357712771, vstest.console.dll, TestPluginCache.GetExtensionPaths: Added unfilterableExtensionPaths: 
TpTrace Verbose: 0 : 34652, 5, 2021/12/06, 22:31:52.026, 4367357736425, vstest.console.dll, TestRequestSender.InitializeExecution: Sending initializing execution with message: {"Version":5,"MessageType":"TestExecution.Initialize","Payload":["D:\\University\\2 year\\OOP\\LW_2_10\\LW_2_10Tests\\bin\\Debug\\net5.0\\fine-code-coverage\\build-output\\Microsoft.VisualStudio.TestPlatform.MSTest.TestAdapter.dll"]}
TpTrace Verbose: 0 : 34652, 5, 2021/12/06, 22:31:52.032, 4367357800997, vstest.console.dll, TestRequestSender.StartTestRun: Sending test run with message: {"Version":5,"MessageType":"TestExecution.StartWithSources","Payload":{"AdapterSourceMap":{"_none_":["D:\\University\\2 year\\OOP\\LW_2_10\\LW_2_10Tests\\bin\\Debug\\net5.0\\fine-code-coverage\\build-output\\LW_2_10Tests.dll"]},"RunSettings":"<RunSettings>\r\n  <RunConfiguration>\r\n    <ResultsDirectory>D:\\University\\2 year\\OOP\\LW_2_10\\LW_2_10Tests\\bin\\Debug\\net5.0\\fine-code-coverage\\coverage-tool-output</ResultsDirectory>\r\n    <TargetPlatform>X64</TargetPlatform>\r\n    <TargetFrameworkVersion>.NETCoreApp,Version=v5.0</TargetFrameworkVersion>\r\n    <DesignMode>False</DesignMode>\r\n    <CollectSourceInformation>False</CollectSourceInformation>\r\n  </RunConfiguration>\r\n  <LoggerRunSettings>\r\n    <Loggers>\r\n      <Logger friendlyName=\"blame\" enabled=\"True\" />\r\n      <Logger friendlyName=\"Console\" uri=\"logger://microsoft/TestPlatform/ConsoleLogger/v1\" assemblyQualifiedName=\"Microsoft.VisualStudio.TestPlatform.CommandLine.Internal.ConsoleLogger, vstest.console, Version=15.0.0.0, Culture=neutral, PublicKeyToken=b03f5f7f11d50a3a\" codeBase=\"C:\\Program Files\\dotnet\\sdk\\6.0.100\\vstest.console.dll\" enabled=\"True\" />\r\n    </Loggers>\r\n  </LoggerRunSettings>\r\n  <DataCollectionRunSettings>\r\n    <DataCollectors>\r\n      <DataCollector friendlyName=\"blame\" enabled=\"True\">\r\n        <Configuration>\r\n          <ResultsDirectory>D:\\University\\2 year\\OOP\\LW_2_10\\LW_2_10Tests\\bin\\Debug\\net5.0\\fine-code-coverage\\coverage-tool-output</ResultsDirectory>\r\n        </Configuration>\r\n      </DataCollector>\r\n    </DataCollectors>\r\n  </DataCollectionRunSettings>\r\n</RunSettings>","TestExecutionContext":{"FrequencyOfRunStatsChangeEvent":10,"RunStatsChangeEventTimeout":"00:00:01.5000000","InIsolation":false,"KeepAlive":false,"AreTestCaseLevelEventsRequired":false,"IsDebug":false,"TestCaseFilter":null,"FilterOptions":null},"Package":null}}
TpTrace Verbose: 0 : 34652, 14, 2021/12/06, 22:31:52.034, 4367357818541, vstest.console.dll, TcpClientExtensions.MessageLoopAsync: NotifyDataAvailable remoteEndPoint: 127.0.0.1:51870 localEndPoint: 127.0.0.1:51866
TpTrace Verbose: 0 : 34652, 14, 2021/12/06, 22:31:52.034, 4367357820277, vstest.console.dll, TestRequestSender.OnExecutionMessageReceived: Received message: {"Version":5,"MessageType":"TestSession.Message","Payload":{"MessageLevel":0,"Message":"Ведение журналов диагностики TestHost в файле: D:\\University\\2 year\\OOP\\LW_2_10\\LW_2_10Tests\\bin\\Debug\\net5.0\\fine-code-coverage\\coverage-tool-output\\diagnostics.host.21-12-06_22-31-51_72842_5.log"}}
TpTrace Verbose: 0 : 34652, 14, 2021/12/06, 22:31:52.036, 4367357838401, vstest.console.dll, TestRunRequest:SendTestRunMessage: Starting.
TpTrace Information: 0 : 34652, 14, 2021/12/06, 22:31:52.036, 4367357840081, vstest.console.dll, TestRunRequest:SendTestRunMessage: Completed.
TpTrace Verbose: 0 : 34652, 14, 2021/12/06, 22:31:52.036, 4367357840603, vstest.console.dll, TcpClientExtensions.MessageLoopAsync: Polling on remoteEndPoint: 127.0.0.1:51870 localEndPoint: 127.0.0.1:51866
TpTrace Verbose: 0 : 34652, 14, 2021/12/06, 22:31:52.370, 4367361177497, vstest.console.dll, TcpClientExtensions.MessageLoopAsync: NotifyDataAvailable remoteEndPoint: 127.0.0.1:51870 localEndPoint: 127.0.0.1:51866
TpTrace Verbose: 0 : 34652, 14, 2021/12/06, 22:31:52.370, 4367361179828, vstest.console.dll, TestRequestSender.OnExecutionMessageReceived: Received message: {"Version":5,"MessageType":"TestExecution.Completed","Payload":{"TestRunCompleteArgs":{"TestRunStatistics":{"ExecutedTests":7,"Stats":{"Passed":7}},"IsCanceled":false,"IsAborted":false,"Error":null,"AttachmentSets":[],"ElapsedTimeInRunningTests":"00:00:00.1858732","Metrics":{}},"LastRunTests":{"NewTestResults":[{"TestCase":{"Id":"2763098d-6520-a470-abe0-72473232d35a","FullyQualifiedName":"LW_2_10Tests.UnitTest1.TestConstructor","DisplayName":"TestConstructor","ExecutorUri":"executor://MSTestAdapter/v2","Source":"D:\\University\\2 year\\OOP\\LW_2_10\\LW_2_10Tests\\bin\\Debug\\net5.0\\fine-code-coverage\\build-output\\LW_2_10Tests.dll","CodeFilePath":null,"LineNumber":-1,"Properties":[{"Key":{"Id":"TestCase.ManagedType","Label":"ManagedType","Category":"","Description":"","Attributes":1,"ValueType":"System.String"},"Value":"LW_2_10Tests.UnitTest1"},{"Key":{"Id":"TestCase.ManagedMethod","Label":"ManagedMethod","Category":"","Description":"","Attributes":1,"ValueType":"System.String"},"Value":"TestConstructor"},{"Key":{"Id":"MSTestDiscoverer.TestClassName","Label":"ClassName","Category":"","Description":"","Attributes":1,"ValueType":"System.String"},"Value":"LW_2_10Tests.UnitTest1"},{"Key":{"Id":"TestObject.Traits","Label":"Traits","Category":"","Description":"","Attributes":5,"ValueType":"System.Collections.Generic.KeyValuePair`2[[System.String],[System.String]][]"},"Value":[]}]},"Attachments":[],"Outcome":1,"ErrorMessage":null,"ErrorStackTrace":null,"DisplayName":null,"Messages":[],"ComputerName":null,"Duration":"00:00:00.0128148","StartTime":"2021-12-06T22:31:52.2595515+05:00","EndTime":"2021-12-06T22:31:52.2991809+05:00","Properties":[{"Key":{"Id":"ExecutionId","Label":"ExecutionId","Category":"","Description":"","Attributes":1,"ValueType":"System.Guid"},"Value":"00000000-0000-0000-0000-000000000000"},{"Key":{"Id":"ParentExecId","Label":"ParentExecId","Category":"","Description":"","Attributes":1,"ValueType":"System.Guid"},"Value":"00000000-0000-0000-0000-000000000000"},{"Key":{"Id":"InnerResultsCount","Label":"InnerResultsCount","Category":"","Description":"","Attributes":1,"ValueType":"System.Int32"},"Value":0}]},{"TestCase":{"Id":"b467626e-3dd0-06f0-481a-048d628c5d7d","FullyQualifiedName":"LW_2_10Tests.UnitTest1.TestPrint","DisplayName":"TestPrint","ExecutorUri":"executor://MSTestAdapter/v2","Source":"D:\\University\\2 year\\OOP\\LW_2_10\\LW_2_10Tests\\bin\\Debug\\net5.0\\fine-code-coverage\\build-output\\LW_2_10Tests.dll","CodeFilePath":null,"LineNumber":-1,"Properties":[{"Key":{"Id":"TestCase.ManagedType","Label":"ManagedType","Category":"","Description":"","Attributes":1,"ValueType":"System.String"},"Value":"LW_2_10Tests.UnitTest1"},{"Key":{"Id":"TestCase.ManagedMethod","Label":"ManagedMethod","Category":"","Description":"","Attributes":1,"ValueType":"System.String"},"Value":"TestPrint"},{"Key":{"Id":"MSTestDiscoverer.TestClassName","Label":"ClassName","Category":"","Description":"","Attributes":1,"ValueType":"System.String"},"Value":"LW_2_10Tests.UnitTest1"},{"Key":{"Id":"TestObject.Traits","Label":"Traits","Category":"","Description":"","Attributes":5,"ValueType":"System.Collections.Generic.KeyValuePair`2[[System.String],[System.String]][]"},"Value":[]}]},"Attachments":[],"Outcome":1,"ErrorMessage":null,"ErrorStackTrace":null,"DisplayName":null,"Messages":[],"ComputerName":null,"Duration":"00:00:00.0003336","StartTime":"2021-12-06T22:31:52.3189483+05:00","EndTime":"2021-12-06T22:31:52.3195759+05:00","Properties":[{"Key":{"Id":"ExecutionId","Label":"ExecutionId","Category":"","Description":"","Attributes":1,"ValueType":"System.Guid"},"Value":"00000000-0000-0000-0000-000000000000"},{"Key":{"Id":"ParentExecId","Label":"ParentExecId","Category":"","Description":"","Attributes":1,"ValueType":"System.Guid"},"Value":"00000000-0000-0000-0000-000000000000"},{"Key":{"Id":"InnerResultsCount","Label":"InnerResultsCount","Category":"","Description":"","Attributes":1,"ValueType":"System.Int32"},"Value":0}]},{"TestCase":{"Id":"df70c822-557c-943c-3f71-860b6f47a656","FullyQualifiedName":"LW_2_10Tests.UnitTest1.TestCompareTo_null","DisplayName":"TestCompareTo_null","ExecutorUri":"executor://MSTestAdapter/v2","Source":"D:\\University\\2 year\\OOP\\LW_2_10\\LW_2_10Tests\\bin\\Debug\\net5.0\\fine-code-coverage\\build-output\\LW_2_10Tests.dll","CodeFilePath":null,"LineNumber":-1,"Properties":[{"Key":{"Id":"TestCase.ManagedType","Label":"ManagedType","Category":"","Description":"","Attributes":1,"ValueType":"System.String"},"Value":"LW_2_10Tests.UnitTest1"},{"Key":{"Id":"TestCase.ManagedMethod","Label":"ManagedMethod","Category":"","Description":"","Attributes":1,"ValueType":"System.String"},"Value":"TestCompareTo_null"},{"Key":{"Id":"MSTestDiscoverer.TestClassName","Label":"ClassName","Category":"","Description":"","Attributes":1,"ValueType":"System.String"},"Value":"LW_2_10Tests.UnitTest1"},{"Key":{"Id":"TestObject.Traits","Label":"Traits","Category":"","Description":"","Attributes":5,"ValueType":"System.Collections.Generic.KeyValuePair`2[[System.String],[System.String]][]"},"Value":[]}]},"Attachments":[],"Outcome":1,"ErrorMessage":null,"ErrorStackTrace":null,"DisplayName":null,"Messages":[],"ComputerName":null,"Duration":"00:00:00.0005587","StartTime":"2021-12-06T22:31:52.3220914+05:00","EndTime":"2021-12-06T22:31:52.3229148+05:00","Properties":[{"Key":{"Id":"ExecutionId","Label":"ExecutionId","Category":"","Description":"","Attributes":1,"ValueType":"System.Guid"},"Value":"00000000-0000-0000-0000-000000000000"},{"Key":{"Id":"ParentExecId","Label":"ParentExecId","Category":"","Description":"","Attributes":1,"ValueType":"System.Guid"},"Value":"00000000-0000-0000-0000-000000000000"},{"Key":{"Id":"InnerResultsCount","Label":"InnerResultsCount","Category":"","Description":"","Attributes":1,"ValueType":"System.Int32"},"Value":0}]},{"TestCase":{"Id":"d6cb610d-b9d2-6acb-0a1b-489c6506a5cf","FullyQualifiedName":"LW_2_10Tests.UnitTest1.TestCompareTo_equal","DisplayName":"TestCompareTo_equal","ExecutorUri":"executor://MSTestAdapter/v2","Source":"D:\\University\\2 year\\OOP\\LW_2_10\\LW_2_10Tests\\bin\\Debug\\net5.0\\fine-code-coverage\\build-output\\LW_2_10Tests.dll","CodeFilePath":null,"LineNumber":-1,"Properties":[{"Key":{"Id":"TestCase.ManagedType","Label":"ManagedType","Category":"","Description":"","Attributes":1,"ValueType":"System.String"},"Value":"LW_2_10Tests.UnitTest1"},{"Key":{"Id":"TestCase.ManagedMethod","Label":"ManagedMethod","Category":"","Description":"","Attributes":1,"ValueType":"System.String"},"Value":"TestCompareTo_equal"},{"Key":{"Id":"MSTestDiscoverer.TestClassName","Label":"ClassName","Category":"","Description":"","Attributes":1,"ValueType":"System.String"},"Value":"LW_2_10Tests.UnitTest1"},{"Key":{"Id":"TestObject.Traits","Label":"Traits","Category":"","Description":"","Attributes":5,"ValueType":"System.Collections.Generic.KeyValuePair`2[[System.String],[System.String]][]"},"Value":[]}]},"Attachments":[],"Outcome":1,"ErrorMessage":null,"ErrorStackTrace":null,"DisplayName":null,"Messages":[],"ComputerName":null,"Duration":"00:00:00.0001422","StartTime":"2021-12-06T22:31:52.3246211+05:00","EndTime":"2021-12-06T22:31:52.3249221+05:00","Properties":[{"Key":{"Id":"ExecutionId","Label":"ExecutionId","Category":"","Description":"","Attributes":1,"ValueType":"System.Guid"},"Value":"00000000-0000-0000-0000-000000000000"},{"Key":{"Id":"ParentExecId","Label":"ParentExecId","Category":"","Description":"","Attributes":1,"ValueType":"System.Guid"},"Value":"00000000-0000-0000-0000-000000000000"},{"Key":{"Id":"InnerResultsCount","Label":"InnerResultsCount","Category":"","Description":"","Attributes":1,"ValueType":"System.Int32"},"Value":0}]},{"TestCase":{"Id":"1b27886b-dfb7-4df1-a13e-eea99e6d47de","FullyQualifiedName":"LW_2_10Tests.UnitTest1.TestCompareTo_more","DisplayName":"TestCompareTo_more","ExecutorUri":"executor://MSTestAdapter/v2","Source":"D:\\University\\2 year\\OOP\\LW_2_10\\LW_2_10Tests\\bin\\Debug\\net5.0\\fine-code-coverage\\build-output\\LW_2_10Tests.dll","CodeFilePath":null,"LineNumber":-1,"Properties":[{"Key":{"Id":"TestCase.ManagedType","Label":"ManagedType","Category":"","Description":"","Attributes":1,"ValueType":"System.String"},"Value":"LW_2_10Tests.UnitTest1"},{"Key":{"Id":"TestCase.ManagedMethod","Label":"ManagedMethod","Category":"","Description":"","Attributes":1,"ValueType":"System.String"},"Value":"TestCompareTo_more"},{"Key":{"Id":"MSTestDiscoverer.TestClassName","Label":"ClassName","Category":"","Description":"","Attributes":1,"ValueType":"System.String"},"Value":"LW_2_10Tests.UnitTest1"},{"Key":{"Id":"TestObject.Traits","Label":"Traits","Category":"","Description":"","Attributes":5,"ValueType":"System.Collections.Generic.KeyValuePair`2[[System.String],[System.String]][]"},"Value":[]}]},"Attachments":[],"Outcome":1,"ErrorMessage":null,"ErrorStackTrace":null,"DisplayName":null,"Messages":[],"ComputerName":null,"Duration":"00:00:00.0001444","StartTime":"2021-12-06T22:31:52.3264128+05:00","EndTime":"2021-12-06T22:31:52.326725+05:00","Properties":[{"Key":{"Id":"ExecutionId","Label":"ExecutionId","Category":"","Description":"","Attributes":1,"ValueType":"System.Guid"},"Value":"00000000-0000-0000-0000-000000000000"},{"Key":{"Id":"ParentExecId","Label":"ParentExecId","Category":"","Description":"","Attributes":1,"ValueType":"System.Guid"},"Value":"00000000-0000-0000-0000-000000000000"},{"Key":{"Id":"InnerResultsCount","Label":"InnerResultsCount","Category":"","Description":"","Attributes":1,"ValueType":"System.Int32"},"Value":0}]},{"TestCase":{"Id":"db984c2d-4c7e-55bd-e7ea-9bb8cd0edfab","FullyQualifiedName":"LW_2_10Tests.UnitTest1.TestCompareTo_less","DisplayName":"TestCompareTo_less","ExecutorUri":"executor://MSTestAdapter/v2","Source":"D:\\University\\2 year\\OOP\\LW_2_10\\LW_2_10Tests\\bin\\Debug\\net5.0\\fine-code-coverage\\build-output\\LW_2_10Tests.dll","CodeFilePath":null,"LineNumber":-1,"Properties":[{"Key":{"Id":"TestCase.ManagedType","Label":"ManagedType","Category":"","Description":"","Attributes":1,"ValueType":"System.String"},"Value":"LW_2_10Tests.UnitTest1"},{"Key":{"Id":"TestCase.ManagedMethod","Label":"ManagedMethod","Category":"","Description":"","Attributes":1,"ValueType":"System.String"},"Value":"TestCompareTo_less"},{"Key":{"Id":"MSTestDiscoverer.TestClassName","Label":"ClassName","Category":"","Description":"","Attributes":1,"ValueType":"System.String"},"Value":"LW_2_10Tests.UnitTest1"},{"Key":{"Id":"TestObject.Traits","Label":"Traits","Category":"","Description":"","Attributes":5,"ValueType":"System.Collections.Generic.KeyValuePair`2[[System.String],[System.String]][]"},"Value":[]}]},"Attachments":[],"Outcome":1,"ErrorMessage":null,"ErrorStackTrace":null,"DisplayName":null,"Messages":[],"ComputerName":null,"Duration":"00:00:00.0001550","StartTime":"2021-12-06T22:31:52.3289498+05:00","EndTime":"2021-12-06T22:31:52.3292823+05:00","Properties":[{"Key":{"Id":"ExecutionId","Label":"ExecutionId","Category":"","Description":"","Attributes":1,"ValueType":"System.Guid"},"Value":"00000000-0000-0000-0000-000000000000"},{"Key":{"Id":"ParentExecId","Label":"ParentExecId","Category":"","Description":"","Attributes":1,"ValueType":"System.Guid"},"Value":"00000000-0000-0000-0000-000000000000"},{"Key":{"Id":"InnerResultsCount","Label":"InnerResultsCount","Category":"","Description":"","Attributes":1,"ValueType":"System.Int32"},"Value":0}]},{"TestCase":{"Id":"86445afb-81c1-4a98-ab2d-8690d02cfc51","FullyQualifiedName":"LW_2_10Tests.UnitTest1.TestClone","DisplayName":"TestClone","ExecutorUri":"executor://MSTestAdapter/v2","Source":"D:\\University\\2 year\\OOP\\LW_2_10\\LW_2_10Tests\\bin\\Debug\\net5.0\\fine-code-coverage\\build-output\\LW_2_10Tests.dll","CodeFilePath":null,"LineNumber":-1,"Properties":[{"Key":{"Id":"TestCase.ManagedType","Label":"ManagedType","Category":"","Description":"","Attributes":1,"ValueType":"System.String"},"Value":"LW_2_10Tests.UnitTest1"},{"Key":{"Id":"TestCase.ManagedMethod","Label":"ManagedMethod","Category":"","Description":"","Attributes":1,"ValueType":"System.String"},"Value":"TestClone"},{"Key":{"Id":"MSTestDiscoverer.TestClassName","Label":"ClassName","Category":"","Description":"","Attributes":1,"ValueType":"System.String"},"Value":"LW_2_10Tests.UnitTest1"},{"Key":{"Id":"TestObject.Traits","Label":"Traits","Category":"","Description":"","Attributes":5,"ValueType":"System.Collections.Generic.KeyValuePair`2[[System.String],[System.String]][]"},"Value":[]}]},"Attachments":[],"Outcome":1,"ErrorMessage":null,"ErrorStackTrace":null,"DisplayName":null,"Messages":[],"ComputerName":null,"Duration":"00:00:00.0002061","StartTime":"2021-12-06T22:31:52.3307302+05:00","EndTime":"2021-12-06T22:31:52.3310883+05:00","Properties":[{"Key":{"Id":"ExecutionId","Label":"ExecutionId","Category":"","Description":"","Attributes":1,"ValueType":"System.Guid"},"Value":"00000000-0000-0000-0000-000000000000"},{"Key":{"Id":"ParentExecId","Label":"ParentExecId","Category":"","Description":"","Attributes":1,"ValueType":"System.Guid"},"Value":"00000000-0000-0000-0000-000000000000"},{"Key":{"Id":"InnerResultsCount","Label":"InnerResultsCount","Category":"","Description":"","Attributes":1,"ValueType":"System.Int32"},"Value":0}]}],"TestRunStatistics":{"ExecutedTests":7,"Stats":{"Passed":7}},"ActiveTests":[]},"RunAttachments":[],"ExecutorUris":["executor://mstestadapter/v2"]}}
TpTrace Verbose: 0 : 34652, 14, 2021/12/06, 22:31:52.372, 4367361199016, vstest.console.dll, TestRequestSender.EndSession: Sending end session.
TpTrace Verbose: 0 : 34652, 14, 2021/12/06, 22:31:52.372, 4367361200638, vstest.console.dll, ProxyOperationManager.Close: waiting for test host to exit for 100 ms
TpTrace Warning: 0 : 34652, 13, 2021/12/06, 22:31:52.383, 4367361302368, vstest.console.dll, TestHostManagerCallbacks.ErrorReceivedCallback Test host standard error line: 
TpTrace Verbose: 0 : 34652, 8, 2021/12/06, 22:31:52.386, 4367361340666, vstest.console.dll, TestHostProvider.ExitCallBack: Host exited starting callback.
TpTrace Information: 0 : 34652, 8, 2021/12/06, 22:31:52.387, 4367361346432, vstest.console.dll, TestHostManagerCallbacks.ExitCallBack: Testhost processId: 36356 exited with exitcode: 0 error: ''
TpTrace Verbose: 0 : 34652, 8, 2021/12/06, 22:31:52.387, 4367361347046, vstest.console.dll, DotnetTestHostManager.OnHostExited: invoking OnHostExited callback
TpTrace Verbose: 0 : 34652, 8, 2021/12/06, 22:31:52.387, 4367361347479, vstest.console.dll, CrossPlatEngine.TestHostManagerHostExited: calling on client process exit callback.
TpTrace Information: 0 : 34652, 8, 2021/12/06, 22:31:52.387, 4367361347964, vstest.console.dll, TestRequestSender.OnClientProcessExit: Test host process exited. Standard error: 
TpTrace Warning: 0 : 34652, 14, 2021/12/06, 22:31:52.387, 4367361348059, vstest.console.dll, ProxyOperationManager: Timed out waiting for test host to exit. Will terminate process.
TpTrace Information: 0 : 34652, 8, 2021/12/06, 22:31:52.387, 4367361348565, vstest.console.dll, SocketServer.Stop: Stop server endPoint: 127.0.0.1:51866
TpTrace Information: 0 : 34652, 8, 2021/12/06, 22:31:52.387, 4367361349583, vstest.console.dll, SocketServer.Stop: Cancellation requested. Stopping message loop.
TpTrace Verbose: 0 : 34652, 14, 2021/12/06, 22:31:52.389, 4367361365242, vstest.console.dll, ProxyDataCollectionManager.InvokeDataCollectionServiceAction: Starting.
TpTrace Information: 0 : 34652, 14, 2021/12/06, 22:31:52.389, 4367361366314, vstest.console.dll, ProxyDataCollectionManager.AfterTestRunEnd: Get attachment set for datacollector processId: 36144 port: 51863
TpTrace Verbose: 0 : 34652, 14, 2021/12/06, 22:31:52.389, 4367361366972, vstest.console.dll, DataCollectionRequestSender.SendAfterTestRunStartAndGetResult : Send AfterTestRunEnd message with isCancelled: False
TpTrace Verbose: 0 : 34652, 14, 2021/12/06, 22:31:52.392, 4367361400480, vstest.console.dll, DataCollectionRequestSender.SendAfterTestRunStartAndGetResult : Received message: (DataCollection.AfterTestRunEndResult) -> {
  "AttachmentSets": [],
  "Metrics": {}
}
TpTrace Information: 0 : 34652, 14, 2021/12/06, 22:31:52.396, 4367361432649, vstest.console.dll, ProxyDataCollectionManager.InvokeDataCollectionServiceAction: Completed.
TpTrace Warning: 0 : 34652, 10, 2021/12/06, 22:31:52.396, 4367361435269, vstest.console.dll, DataCollectionLauncher.ErrorReceivedCallback datacollector standard error line: 
TpTrace Information: 0 : 34652, 8, 2021/12/06, 22:31:52.400, 4367361476243, vstest.console.dll, DataCollectionLauncher.ExitCallBack: Data collector exited with exitcode: 0 error: ''
TpTrace Verbose: 0 : 34652, 14, 2021/12/06, 22:31:52.472, 4367362193686, vstest.console.dll, TestRunRequest:SendTestRunStatsChange: Starting.
TpTrace Information: 0 : 34652, 14, 2021/12/06, 22:31:52.472, 4367362195920, vstest.console.dll, TestRunRequest:SendTestRunStatsChange: Completed.
TpTrace Verbose: 0 : 34652, 14, 2021/12/06, 22:31:52.472, 4367362197554, vstest.console.dll, ParallelProxyExecutionManager: HandlePartialRunComplete: Total completed clients = 1, Run complete = True, Run canceled: False.
TpTrace Verbose: 0 : 34652, 14, 2021/12/06, 22:31:52.488, 4367362361983, vstest.console.dll, TestRunRequest:TestRunComplete: Starting. IsAborted:False IsCanceled:False.
TpTrace Verbose: 0 : 34652, 14, 2021/12/06, 22:31:52.489, 4367362363924, vstest.console.dll, TestLoggerManager.HandleTestRunComplete: Ignoring as the object is disposed.
TpTrace Information: 0 : 34652, 14, 2021/12/06, 22:31:52.489, 4367362366395, vstest.console.dll, TestRunRequest:TestRunComplete: Completed.
TpTrace Verbose: 0 : 34652, 1, 2021/12/06, 22:31:52.489, 4367362366574, vstest.console.dll, TestRunRequest.Dispose: Starting.
TpTrace Verbose: 0 : 34652, 14, 2021/12/06, 22:31:52.489, 4367362367333, vstest.console.dll, TestRequestSender.SetOperationComplete: Setting operation complete.
TpTrace Information: 0 : 34652, 1, 2021/12/06, 22:31:52.489, 4367362367361, vstest.console.dll, TestRunRequest.Dispose: Completed.
TpTrace Information: 0 : 34652, 14, 2021/12/06, 22:31:52.489, 4367362367829, vstest.console.dll, SocketServer.Stop: Stop server endPoint: 127.0.0.1:51866
TpTrace Information: 0 : 34652, 14, 2021/12/06, 22:31:52.489, 4367362368307, vstest.console.dll, SocketServer.Stop: Cancellation requested. Stopping message loop.
TpTrace Information: 0 : 34652, 1, 2021/12/06, 22:31:52.489, 4367362368509, vstest.console.dll, TestRequestManager.RunTests: run tests completed.
TpTrace Information: 0 : 34652, 14, 2021/12/06, 22:31:52.489, 4367362368646, vstest.console.dll, SocketServer.PrivateStop: Stopping server endPoint: 127.0.0.1:51866 error: 
TpTrace Information: 0 : 34652, 1, 2021/12/06, 22:31:52.489, 4367362369400, vstest.console.dll, RunTestsArgumentProcessor:Execute: Test run is completed.
TpTrace Verbose: 0 : 34652, 1, 2021/12/06, 22:31:52.489, 4367362370721, vstest.console.dll, Executor.Execute: Exiting with exit code of 0
TpTrace Verbose: 0 : 34652, 14, 2021/12/06, 22:31:52.490, 4367362373519, vstest.console.dll, LengthPrefixCommunicationChannel.Dispose: Dispose reader and writer.
TpTrace Information: 0 : 34652, 14, 2021/12/06, 22:31:52.490, 4367362374244, vstest.console.dll, SocketServer.Stop: Raise disconnected event endPoint: 127.0.0.1:51866 error: 
TpTrace Verbose: 0 : 34652, 14, 2021/12/06, 22:31:52.490, 4367362374838, vstest.console.dll, TestRequestSender: OnTestRunAbort: Operation is already complete. Skip error message.
TpTrace Verbose: 0 : 34652, 14, 2021/12/06, 22:31:52.490, 4367362375149, vstest.console.dll, TcpClientExtensions.MessageLoopAsync: exiting MessageLoopAsync remoteEndPoint: 127.0.0.1:51870 localEndPoint: 127.0.0.1:51866
